<?xml version="1.0" encoding="UTF-8"?>
<!-- Generated by org.testng.reporters.JUnitReportReporter -->
<testsuite hostname="DESKTOP-IPEE64F" failures="0" tests="1" name="airCanadaTestClasses.ValidateAirCanadaHomePage" time="31.948" errors="0" timestamp="2023-01-27T21:52:05 IST" skipped="0">
  <testcase classname="airCanadaTestClasses.ValidateAirCanadaHomePage" name="loginToAirCanada" time="31.948"/>
  <system-out>
    <![CDATA[scrolling into view
Clicking on oneway Button
Waiting for1000
Enter Source city name
Waiting for1000
Enter Source city name
Waiting for1000]]>
  </system-out>
</testsuite> <!-- airCanadaTestClasses.ValidateAirCanadaHomePage -->
